Build started 10/21/2013 2:40:02 PM.
     1>Project "C:\Users\ugurge\Dropbox\projects\vs2012\DynastyWarriors\DynastyWarriors.vcxproj" on node 2 (Build target(s)).
     1>ClCompile:
         C:\Program Files (x86)\Microsoft Visual Studio 11.0\VC\bin\CL.exe /c /ID:\Dropbox\projects\vs2012\DynastyWarriors\include /IC:\Users\ugurge\Dropbox\projects\vs2012\DynastyWarriors\include /ZI /nologo /W3 /WX- /Od /Oy- /D _MBCS /Gm /EHsc /RTC1 /MDd /GS /fp:precise /Zc:wchar_t /Zc:forScope /Fo"Debug\\" /Fd"Debug\vc110.pdb" /Gd /TP /analyze- /errorReport:prompt InputSystem.cpp
         InputSystem.cpp
       Link:
         C:\Program Files (x86)\Microsoft Visual Studio 11.0\VC\bin\link.exe /ERRORREPORT:PROMPT /OUT:"C:\Users\ugurge\Dropbox\projects\vs2012\DynastyWarriors\Debug\DynastyWarriors.exe" /INCREMENTAL /NOLOGO /LIBPATH:D:\Dropbox\projects\vs2012\DynastyWarriors\lib /LIBPATH:C:\Users\ugurge\Dropbox\projects\vs2012\DynastyWarriors\lib SDL2main.lib SDL2.lib SDL2_image.lib kernel32.lib user32.lib gdi32.lib winspool.lib comdlg32.lib advapi32.lib shell32.lib ole32.lib oleaut32.lib uuid.lib odbc32.lib odbccp32.lib /MANIFEST /MANIFESTUAC:"level='asInvoker' uiAccess='false'" /manifest:embed /DEBUG /PDB:"C:\Users\ugurge\Dropbox\projects\vs2012\DynastyWarriors\Debug\DynastyWarriors.pdb" /SUBSYSTEM:CONSOLE /TLBID:1 /DYNAMICBASE /NXCOMPAT /IMPLIB:"C:\Users\ugurge\Dropbox\projects\vs2012\DynastyWarriors\Debug\DynastyWarriors.lib" /MACHINE:X86 Debug\BaseComponent.obj
         Debug\BaseEntity.obj
         Debug\BaseSystem.obj
         Debug\BounceSystem.obj
         Debug\DimensionComponent.obj
         Debug\Engine.obj
         Debug\InputComponent.obj
         Debug\InputSystem.obj
         Debug\LaserEntity.obj
         Debug\main.obj
         Debug\MoveSystem.obj
         Debug\RenderSystem.obj
         Debug\ShipEntity.obj
         Debug\TextureComponent.obj
         Debug\Utils.obj
         Debug\Vector2D.obj
         Debug\VelocityComponent.obj
         Debug\WASDInputComponent.obj
         DynastyWarriors.vcxproj -> C:\Users\ugurge\Dropbox\projects\vs2012\DynastyWarriors\Debug\DynastyWarriors.exe
     1>Done Building Project "C:\Users\ugurge\Dropbox\projects\vs2012\DynastyWarriors\DynastyWarriors.vcxproj" (Build target(s)).

Build succeeded.

Time Elapsed 00:00:02.15
